<?xml version="1.0" encoding="UTF-8"?>
<!-- Generated by org.testng.reporters.JUnitReportReporter -->
<testsuite hostname="XE-TMAC-AMITKUMAR1" name="com.automation.XAssure.AppTest" tests="1" failures="0" timestamp="27 Feb 2019 05:50:45 GMT" time="0.003" errors="0">
  <testcase name="testApp" time="0.003" classname="com.automation.XAssure.AppTest"/>
</testsuite> <!-- com.automation.XAssure.AppTest -->
