<?xml version="1.0" encoding="UTF-8"?>
<!-- Generated by org.testng.reporters.JUnitReportReporter -->
<testsuite skipped="0" hostname="XE-TMAC-AMITKUMAR1" name="com.xassure.test.TestDriver" tests="1" failures="0" timestamp="28 Feb 2019 04:38:41 GMT" time="0.647" errors="0">
  <testcase name="testDriver" time="0.647" classname="com.xassure.test.TestDriver"/>
</testsuite> <!-- com.xassure.test.TestDriver -->
